{"time":"2025-01-04T08:49:15.942Z", "level":"error", "message": "invalid input value for enum enum_users_status: "Active""}
{"time":"2025-01-04T08:55:20.668Z", "level":"error", "message": "invalid input value for enum enum_users_status: "Active""}
{"time":"2025-01-04T09:04:01.591Z", "level":"error", "message": "invalid input value for enum enum_users_status: "Active""}
{"time":"2025-01-04T09:09:41.926Z", "level":"error", "message": "invalid input value for enum enum_users_status: "Active""}
{"time":"2025-01-04T09:10:34.458Z", "level":"error", "message": "invalid input value for enum enum_users_status: "Active""}
{"time":"2025-01-04T09:10:56.556Z", "level":"error", "message": "invalid input value for enum enum_users_status: "Active""}
{"time":"2025-01-04T09:13:09.491Z", "level":"error", "message": "notNull Violation: User.status cannot be null"}
{"time":"2025-01-04T09:15:47.119Z", "level":"error", "message": "invalid input value for enum enum_users_status: "Active""}
{"time":"2025-01-04T09:16:27.830Z", "level":"error", "message": "invalid input value for enum enum_users_role: "User""}
{"time":"2025-01-04T09:40:37.372Z", "level":"error", "message": "invalid input value for enum enum_users_status: "Active""}
{"time":"2025-01-04T09:44:45.467Z", "level":"error", "message": "invalid input value for enum enum_users_status: "Active""}
{"time":"2025-01-04T09:50:40.426Z", "level":"error", "message": "invalid input value for enum enum_users_status: "Active""}
{"time":"2025-01-04T09:58:29.249Z", "level":"error", "message": "notNull Violation: User.status cannot be null"}
{"time":"2025-01-04T10:01:27.178Z", "level":"error", "message": "invalid input value for enum enum_users_status: "ACTIVE""}
{"time":"2025-01-04T10:02:52.407Z", "level":"error", "message": "invalid input value for enum enum_users_status: "Active""}
{"time":"2025-01-04T10:07:30.586Z", "level":"error", "message": "invalid input value for enum enum_users_status: "Active""}
{"time":"2025-01-04T10:10:16.721Z", "level":"error", "message": "invalid input value for enum enum_users_status: "Active""}
{"time":"2025-01-04T10:11:37.825Z", "level":"error", "message": "invalid input value for enum enum_users_status: "Active""}
{"time":"2025-01-04T10:23:15.373Z", "level":"error", "message": "invalid input value for enum enum_users_role: "User""}
{"time":"2025-01-04T10:23:38.389Z", "level":"error", "message": "column "phoneNumber" of relation "profiles" does not exist"}
{"time":"2025-01-04T10:49:43.106Z", "level":"error", "message": "column "phoneNumber" of relation "profiles" does not exist"}
{"time":"2025-01-04T15:46:56.978Z", "level":"error", "message": "Illegal arguments: undefined, string"}
