::1 - - [04/Jan/2025:08:48:43 +0000] "POST /api/v1/auth/register HTTP/1.1" 400 179 "-" "PostmanRuntime/7.43.0"
::1 - - [04/Jan/2025:08:49:15 +0000] "POST /api/v1/auth/register HTTP/1.1" 500 153 "-" "PostmanRuntime/7.43.0"
::1 - - [04/Jan/2025:08:55:20 +0000] "POST /api/v1/auth/register HTTP/1.1" 500 153 "-" "PostmanRuntime/7.43.0"
::1 - - [04/Jan/2025:09:04:01 +0000] "POST /api/v1/auth/register HTTP/1.1" 500 153 "-" "PostmanRuntime/7.43.0"
::1 - - [04/Jan/2025:09:09:41 +0000] "POST /api/v1/auth/register HTTP/1.1" 500 153 "-" "PostmanRuntime/7.43.0"
::1 - - [04/Jan/2025:09:10:34 +0000] "POST /api/v1/auth/register HTTP/1.1" 500 153 "-" "PostmanRuntime/7.43.0"
::1 - - [04/Jan/2025:09:10:56 +0000] "POST /api/v1/auth/register HTTP/1.1" 500 153 "-" "PostmanRuntime/7.43.0"
::1 - - [04/Jan/2025:09:13:09 +0000] "POST /api/v1/auth/register HTTP/1.1" 500 562 "-" "PostmanRuntime/7.43.0"
::1 - - [04/Jan/2025:09:15:47 +0000] "POST /api/v1/auth/register HTTP/1.1" 500 153 "-" "PostmanRuntime/7.43.0"
::1 - - [04/Jan/2025:09:16:27 +0000] "POST /api/v1/auth/register HTTP/1.1" 500 149 "-" "PostmanRuntime/7.43.0"
::1 - - [04/Jan/2025:09:40:37 +0000] "POST /api/v1/auth/register HTTP/1.1" 500 153 "-" "PostmanRuntime/7.43.0"
::1 - - [04/Jan/2025:09:44:45 +0000] "POST /api/v1/auth/register HTTP/1.1" 500 153 "-" "PostmanRuntime/7.43.0"
::1 - - [04/Jan/2025:09:50:40 +0000] "POST /api/v1/auth/register HTTP/1.1" 500 153 "-" "PostmanRuntime/7.43.0"
::1 - - [04/Jan/2025:09:58:29 +0000] "POST /api/v1/auth/register HTTP/1.1" 500 548 "-" "PostmanRuntime/7.43.0"
::1 - - [04/Jan/2025:10:01:27 +0000] "POST /api/v1/auth/register HTTP/1.1" 500 153 "-" "PostmanRuntime/7.43.0"
::1 - - [04/Jan/2025:10:02:52 +0000] "POST /api/v1/auth/register HTTP/1.1" 500 153 "-" "PostmanRuntime/7.43.0"
::1 - - [04/Jan/2025:10:07:30 +0000] "POST /api/v1/auth/register HTTP/1.1" 500 153 "-" "PostmanRuntime/7.43.0"
::1 - - [04/Jan/2025:10:10:16 +0000] "POST /api/v1/auth/register HTTP/1.1" 500 153 "-" "PostmanRuntime/7.43.0"
::1 - - [04/Jan/2025:10:11:37 +0000] "POST /api/v1/auth/register HTTP/1.1" 500 153 "-" "PostmanRuntime/7.43.0"
::1 - - [04/Jan/2025:10:23:15 +0000] "POST /api/v1/auth/register HTTP/1.1" 500 149 "-" "PostmanRuntime/7.43.0"
::1 - - [04/Jan/2025:10:23:38 +0000] "POST /api/v1/auth/register HTTP/1.1" 500 157 "-" "PostmanRuntime/7.43.0"
::1 - - [04/Jan/2025:10:24:31 +0000] "POST /api/v1/auth/register HTTP/1.1" 400 114 "-" "PostmanRuntime/7.43.0"
::1 - - [04/Jan/2025:10:48:31 +0000] "POST /api/v1/auth/register HTTP/1.1" 400 114 "-" "PostmanRuntime/7.43.0"
::1 - - [04/Jan/2025:10:48:53 +0000] "POST /api/v1/auth/register HTTP/1.1" 400 114 "-" "PostmanRuntime/7.43.0"
::1 - - [04/Jan/2025:10:49:43 +0000] "POST /api/v1/auth/register HTTP/1.1" 500 157 "-" "PostmanRuntime/7.43.0"
::1 - - [04/Jan/2025:11:15:57 +0000] "POST /api/v1/auth/register HTTP/1.1" 201 466 "-" "PostmanRuntime/7.43.0"
::1 - - [04/Jan/2025:11:23:31 +0000] "GET /api/v1/auth/login HTTP/1.1" 404 153 "-" "PostmanRuntime/7.43.0"
::1 - - [04/Jan/2025:11:23:37 +0000] "POST /api/v1/auth/login HTTP/1.1" 400 102 "-" "PostmanRuntime/7.43.0"
::1 - - [04/Jan/2025:11:23:49 +0000] "POST /api/v1/auth/login HTTP/1.1" 401 117 "-" "PostmanRuntime/7.43.0"
::1 - - [04/Jan/2025:11:23:57 +0000] "POST /api/v1/auth/login HTTP/1.1" 200 869 "-" "PostmanRuntime/7.43.0"
::1 - - [04/Jan/2025:15:20:55 +0000] "POST /api/v1/auth/logout HTTP/1.1" 403 113 "-" "PostmanRuntime/7.43.0"
::1 - - [04/Jan/2025:15:21:05 +0000] "POST /api/v1/auth/login HTTP/1.1" 200 869 "-" "PostmanRuntime/7.43.0"
::1 - - [04/Jan/2025:15:21:23 +0000] "POST /api/v1/auth/logout HTTP/1.1" 401 106 "-" "PostmanRuntime/7.43.0"
::1 - - [04/Jan/2025:15:21:28 +0000] "POST /api/v1/auth/logout HTTP/1.1" 200 46 "-" "PostmanRuntime/7.43.0"
::1 - - [04/Jan/2025:15:39:31 +0000] "POST /api/v1/auth/change-password HTTP/1.1" 403 122 "-" "PostmanRuntime/7.43.0"
::1 - - [04/Jan/2025:15:39:39 +0000] "POST /api/v1/auth/change-password HTTP/1.1" 401 115 "-" "PostmanRuntime/7.43.0"
::1 - - [04/Jan/2025:15:39:57 +0000] "POST /api/v1/auth/change-password HTTP/1.1" 401 115 "-" "PostmanRuntime/7.43.0"
::1 - - [04/Jan/2025:15:40:02 +0000] "POST /api/v1/auth/login HTTP/1.1" 200 869 "-" "PostmanRuntime/7.43.0"
::1 - - [04/Jan/2025:15:40:19 +0000] "POST /api/v1/auth/change-password HTTP/1.1" 400 280 "-" "PostmanRuntime/7.43.0"
::1 - - [04/Jan/2025:15:40:36 +0000] "POST /api/v1/auth/change-password HTTP/1.1" 400 280 "-" "PostmanRuntime/7.43.0"
::1 - - [04/Jan/2025:15:40:38 +0000] "POST /api/v1/auth/change-password HTTP/1.1" 400 280 "-" "PostmanRuntime/7.43.0"
::1 - - [04/Jan/2025:15:41:00 +0000] "POST /api/v1/auth/change-password HTTP/1.1" 400 280 "-" "PostmanRuntime/7.43.0"
::1 - - [04/Jan/2025:15:43:32 +0000] "POST /api/v1/auth/change-password HTTP/1.1" 400 280 "-" "PostmanRuntime/7.43.0"
::1 - - [04/Jan/2025:15:43:34 +0000] "POST /api/v1/auth/change-password HTTP/1.1" 400 280 "-" "PostmanRuntime/7.43.0"
::1 - - [04/Jan/2025:15:46:56 +0000] "POST /api/v1/auth/change-password HTTP/1.1" 500 138 "-" "PostmanRuntime/7.43.0"
::1 - - [04/Jan/2025:15:51:49 +0000] "POST /api/v1/auth/change-password HTTP/1.1" 400 108 "-" "PostmanRuntime/7.43.0"
::1 - - [04/Jan/2025:15:55:00 +0000] "POST /api/v1/auth/change-password HTTP/1.1" 400 106 "-" "PostmanRuntime/7.43.0"
::1 - - [04/Jan/2025:15:55:25 +0000] "POST /api/v1/auth/change-password HTTP/1.1" 400 122 "-" "PostmanRuntime/7.43.0"
::1 - - [04/Jan/2025:15:55:34 +0000] "POST /api/v1/auth/change-password HTTP/1.1" 401 116 "-" "PostmanRuntime/7.43.0"
::1 - - [04/Jan/2025:15:57:18 +0000] "POST /api/v1/auth/change-password HTTP/1.1" 401 116 "-" "PostmanRuntime/7.43.0"
::1 - - [04/Jan/2025:15:59:07 +0000] "POST /api/v1/auth/change-password HTTP/1.1" 401 116 "-" "PostmanRuntime/7.43.0"
::1 - - [04/Jan/2025:16:00:21 +0000] "POST /api/v1/auth/login HTTP/1.1" 200 869 "-" "PostmanRuntime/7.43.0"
::1 - - [04/Jan/2025:16:01:35 +0000] "POST /api/v1/auth/change-password HTTP/1.1" 401 116 "-" "PostmanRuntime/7.43.0"
::1 - - [04/Jan/2025:16:01:37 +0000] "POST /api/v1/auth/change-password HTTP/1.1" 401 116 "-" "PostmanRuntime/7.43.0"
::1 - - [04/Jan/2025:16:04:41 +0000] "POST /api/v1/auth/change-password HTTP/1.1" 401 116 "-" "PostmanRuntime/7.43.0"
::1 - - [04/Jan/2025:16:04:44 +0000] "POST /api/v1/auth/change-password HTTP/1.1" 401 116 "-" "PostmanRuntime/7.43.0"
::1 - - [04/Jan/2025:16:19:05 +0000] "POST /api/v1/auth/change-password HTTP/1.1" 200 45 "-" "PostmanRuntime/7.43.0"
::1 - - [04/Jan/2025:16:19:12 +0000] "POST /api/v1/auth/change-password HTTP/1.1" 200 45 "-" "PostmanRuntime/7.43.0"
::1 - - [04/Jan/2025:16:19:19 +0000] "POST /api/v1/auth/login HTTP/1.1" 200 869 "-" "PostmanRuntime/7.43.0"
::1 - - [04/Jan/2025:16:19:29 +0000] "POST /api/v1/auth/login HTTP/1.1" 200 869 "-" "PostmanRuntime/7.43.0"
::1 - - [04/Jan/2025:16:20:16 +0000] "POST /api/v1/auth/change-password HTTP/1.1" 200 45 "-" "PostmanRuntime/7.43.0"
::1 - - [04/Jan/2025:16:21:43 +0000] "POST /api/v1/auth/change-password HTTP/1.1" 200 45 "-" "PostmanRuntime/7.43.0"
::1 - - [04/Jan/2025:16:23:43 +0000] "POST /api/v1/auth/change-password HTTP/1.1" 200 45 "-" "PostmanRuntime/7.43.0"
::1 - - [04/Jan/2025:16:25:16 +0000] "POST /api/v1/auth/change-password HTTP/1.1" 200 45 "-" "PostmanRuntime/7.43.0"
::1 - - [04/Jan/2025:16:39:24 +0000] "POST /api/v1/auth/change-password HTTP/1.1" 200 45 "-" "PostmanRuntime/7.43.0"
::1 - - [04/Jan/2025:16:39:58 +0000] "POST /api/v1/auth/login HTTP/1.1" 200 869 "-" "PostmanRuntime/7.43.0"
::1 - - [04/Jan/2025:16:40:53 +0000] "POST /api/v1/auth/change-password HTTP/1.1" 200 45 "-" "PostmanRuntime/7.43.0"
::1 - - [04/Jan/2025:16:42:41 +0000] "POST /api/v1/auth/change-password HTTP/1.1" 200 45 "-" "PostmanRuntime/7.43.0"
::1 - - [04/Jan/2025:16:44:08 +0000] "POST /api/v1/auth/change-password HTTP/1.1" 200 45 "-" "PostmanRuntime/7.43.0"
::1 - - [04/Jan/2025:16:49:39 +0000] "POST /api/v1/auth/change-password HTTP/1.1" 200 45 "-" "PostmanRuntime/7.43.0"
::1 - - [04/Jan/2025:16:50:29 +0000] "POST /api/v1/auth/login HTTP/1.1" 401 117 "-" "PostmanRuntime/7.43.0"
::1 - - [04/Jan/2025:16:50:38 +0000] "POST /api/v1/auth/login HTTP/1.1" 200 869 "-" "PostmanRuntime/7.43.0"
::1 - - [04/Jan/2025:16:51:01 +0000] "POST /api/v1/auth/change-password HTTP/1.1" 200 45 "-" "PostmanRuntime/7.43.0"
::1 - - [04/Jan/2025:16:51:10 +0000] "POST /api/v1/auth/change-password HTTP/1.1" 200 45 "-" "PostmanRuntime/7.43.0"
::1 - - [04/Jan/2025:16:51:44 +0000] "POST /api/v1/auth/login HTTP/1.1" 200 869 "-" "PostmanRuntime/7.43.0"
::1 - - [04/Jan/2025:16:51:57 +0000] "POST /api/v1/auth/login HTTP/1.1" 200 869 "-" "PostmanRuntime/7.43.0"
::1 - - [04/Jan/2025:16:52:22 +0000] "POST /api/v1/auth/change-password HTTP/1.1" 200 45 "-" "PostmanRuntime/7.43.0"
::1 - - [04/Jan/2025:16:53:36 +0000] "POST /api/v1/auth/change-password HTTP/1.1" 200 45 "-" "PostmanRuntime/7.43.0"
::1 - - [04/Jan/2025:16:54:15 +0000] "POST /api/v1/auth/login HTTP/1.1" 401 117 "-" "PostmanRuntime/7.43.0"
::1 - - [04/Jan/2025:16:54:35 +0000] "POST /api/v1/auth/change-password HTTP/1.1" 200 45 "-" "PostmanRuntime/7.43.0"
::1 - - [04/Jan/2025:16:55:09 +0000] "POST /api/v1/auth/change-password HTTP/1.1" 401 116 "-" "PostmanRuntime/7.43.0"
::1 - - [04/Jan/2025:16:55:36 +0000] "POST /api/v1/auth/login HTTP/1.1" 401 117 "-" "PostmanRuntime/7.43.0"
::1 - - [04/Jan/2025:16:55:56 +0000] "POST /api/v1/auth/change-password HTTP/1.1" 200 45 "-" "PostmanRuntime/7.43.0"
