{"time":"2025-01-04T08:48:43.346Z", "level":"info", "message": "method:POST, endpoint:/api/v1/auth/register, statusCode:400, responseTime: 49ms"}
{"time":"2025-01-04T08:49:15.947Z", "level":"info", "message": "method:POST, endpoint:/api/v1/auth/register, statusCode:500, responseTime: 1050ms"}
{"time":"2025-01-04T08:55:20.679Z", "level":"info", "message": "method:POST, endpoint:/api/v1/auth/register, statusCode:500, responseTime: 482ms"}
{"time":"2025-01-04T09:04:01.596Z", "level":"info", "message": "method:POST, endpoint:/api/v1/auth/register, statusCode:500, responseTime: 196ms"}
{"time":"2025-01-04T09:09:41.942Z", "level":"info", "message": "method:POST, endpoint:/api/v1/auth/register, statusCode:500, responseTime: 525ms"}
{"time":"2025-01-04T09:10:34.471Z", "level":"info", "message": "method:POST, endpoint:/api/v1/auth/register, statusCode:500, responseTime: 482ms"}
{"time":"2025-01-04T09:10:56.560Z", "level":"info", "message": "method:POST, endpoint:/api/v1/auth/register, statusCode:500, responseTime: 190ms"}
{"time":"2025-01-04T09:13:09.506Z", "level":"info", "message": "method:POST, endpoint:/api/v1/auth/register, statusCode:500, responseTime: 318ms"}
{"time":"2025-01-04T09:15:47.142Z", "level":"info", "message": "method:POST, endpoint:/api/v1/auth/register, statusCode:500, responseTime: 484ms"}
{"time":"2025-01-04T09:16:27.844Z", "level":"info", "message": "method:POST, endpoint:/api/v1/auth/register, statusCode:500, responseTime: 426ms"}
{"time":"2025-01-04T09:40:37.402Z", "level":"info", "message": "method:POST, endpoint:/api/v1/auth/register, statusCode:500, responseTime: 972ms"}
{"time":"2025-01-04T09:44:45.493Z", "level":"info", "message": "method:POST, endpoint:/api/v1/auth/register, statusCode:500, responseTime: 751ms"}
{"time":"2025-01-04T09:50:40.457Z", "level":"info", "message": "method:POST, endpoint:/api/v1/auth/register, statusCode:500, responseTime: 1065ms"}
{"time":"2025-01-04T09:58:29.270Z", "level":"info", "message": "method:POST, endpoint:/api/v1/auth/register, statusCode:500, responseTime: 421ms"}
{"time":"2025-01-04T10:01:27.195Z", "level":"info", "message": "method:POST, endpoint:/api/v1/auth/register, statusCode:500, responseTime: 995ms"}
{"time":"2025-01-04T10:02:52.424Z", "level":"info", "message": "method:POST, endpoint:/api/v1/auth/register, statusCode:500, responseTime: 735ms"}
{"time":"2025-01-04T10:07:30.590Z", "level":"info", "message": "method:POST, endpoint:/api/v1/auth/register, statusCode:500, responseTime: 393ms"}
{"time":"2025-01-04T10:10:16.740Z", "level":"info", "message": "method:POST, endpoint:/api/v1/auth/register, statusCode:500, responseTime: 696ms"}
{"time":"2025-01-04T10:11:37.828Z", "level":"info", "message": "method:POST, endpoint:/api/v1/auth/register, statusCode:500, responseTime: 254ms"}
{"time":"2025-01-04T10:23:15.385Z", "level":"info", "message": "method:POST, endpoint:/api/v1/auth/register, statusCode:500, responseTime: 507ms"}
{"time":"2025-01-04T10:23:38.401Z", "level":"info", "message": "method:POST, endpoint:/api/v1/auth/register, statusCode:500, responseTime: 461ms"}
{"time":"2025-01-04T10:24:31.086Z", "level":"info", "message": "method:POST, endpoint:/api/v1/auth/register, statusCode:400, responseTime: 231ms"}
{"time":"2025-01-04T10:48:31.327Z", "level":"info", "message": "method:POST, endpoint:/api/v1/auth/register, statusCode:400, responseTime: 357ms"}
{"time":"2025-01-04T10:48:53.725Z", "level":"info", "message": "method:POST, endpoint:/api/v1/auth/register, statusCode:400, responseTime: 385ms"}
{"time":"2025-01-04T10:49:43.117Z", "level":"info", "message": "method:POST, endpoint:/api/v1/auth/register, statusCode:500, responseTime: 725ms"}
{"time":"2025-01-04T11:15:57.809Z", "level":"info", "message": "method:POST, endpoint:/register, statusCode:201, responseTime: 810ms"}
{"time":"2025-01-04T11:23:31.115Z", "level":"info", "message": "method:GET, endpoint:/api/v1/auth/login, statusCode:404, responseTime: 41ms"}
{"time":"2025-01-04T11:23:37.896Z", "level":"info", "message": "method:POST, endpoint:/api/v1/auth/login, statusCode:400, responseTime: 13ms"}
{"time":"2025-01-04T11:23:49.062Z", "level":"info", "message": "method:POST, endpoint:/api/v1/auth/login, statusCode:401, responseTime: 447ms"}
{"time":"2025-01-04T11:23:57.259Z", "level":"info", "message": "method:POST, endpoint:/login, statusCode:200, responseTime: 270ms"}
{"time":"2025-01-04T15:20:55.055Z", "level":"info", "message": "method:POST, endpoint:/api/v1/auth/logout, statusCode:403, responseTime: 31ms"}
{"time":"2025-01-04T15:21:05.337Z", "level":"info", "message": "method:POST, endpoint:/login, statusCode:200, responseTime: 462ms"}
{"time":"2025-01-04T15:21:23.342Z", "level":"info", "message": "method:POST, endpoint:/api/v1/auth/logout, statusCode:401, responseTime: 18ms"}
{"time":"2025-01-04T15:21:28.311Z", "level":"info", "message": "method:POST, endpoint:/logout, statusCode:200, responseTime: 126ms"}
{"time":"2025-01-04T15:39:31.396Z", "level":"info", "message": "method:POST, endpoint:/api/v1/auth/change-password, statusCode:403, responseTime: 42ms"}
{"time":"2025-01-04T15:39:39.696Z", "level":"info", "message": "method:POST, endpoint:/api/v1/auth/change-password, statusCode:401, responseTime: 314ms"}
{"time":"2025-01-04T15:39:57.101Z", "level":"info", "message": "method:POST, endpoint:/api/v1/auth/change-password, statusCode:401, responseTime: 155ms"}
{"time":"2025-01-04T15:40:02.033Z", "level":"info", "message": "method:POST, endpoint:/login, statusCode:200, responseTime: 379ms"}
{"time":"2025-01-04T15:40:19.740Z", "level":"info", "message": "method:POST, endpoint:/api/v1/auth/change-password, statusCode:400, responseTime: 145ms"}
{"time":"2025-01-04T15:40:36.395Z", "level":"info", "message": "method:POST, endpoint:/api/v1/auth/change-password, statusCode:400, responseTime: 122ms"}
{"time":"2025-01-04T15:40:38.606Z", "level":"info", "message": "method:POST, endpoint:/api/v1/auth/change-password, statusCode:400, responseTime: 28ms"}
{"time":"2025-01-04T15:41:00.577Z", "level":"info", "message": "method:POST, endpoint:/api/v1/auth/change-password, statusCode:400, responseTime: 179ms"}
{"time":"2025-01-04T15:43:32.720Z", "level":"info", "message": "method:POST, endpoint:/api/v1/auth/change-password, statusCode:400, responseTime: 116ms"}
{"time":"2025-01-04T15:43:34.300Z", "level":"info", "message": "method:POST, endpoint:/api/v1/auth/change-password, statusCode:400, responseTime: 63ms"}
{"time":"2025-01-04T15:46:56.985Z", "level":"info", "message": "method:POST, endpoint:/api/v1/auth/change-password, statusCode:500, responseTime: 262ms"}
{"time":"2025-01-04T15:51:49.723Z", "level":"info", "message": "method:POST, endpoint:/api/v1/auth/change-password, statusCode:400, responseTime: 492ms"}
{"time":"2025-01-04T15:55:00.223Z", "level":"info", "message": "method:POST, endpoint:/api/v1/auth/change-password, statusCode:400, responseTime: 391ms"}
{"time":"2025-01-04T15:55:25.874Z", "level":"info", "message": "method:POST, endpoint:/api/v1/auth/change-password, statusCode:400, responseTime: 136ms"}
{"time":"2025-01-04T15:55:34.407Z", "level":"info", "message": "method:POST, endpoint:/api/v1/auth/change-password, statusCode:401, responseTime: 217ms"}
{"time":"2025-01-04T15:57:18.610Z", "level":"info", "message": "method:POST, endpoint:/api/v1/auth/change-password, statusCode:401, responseTime: 511ms"}
{"time":"2025-01-04T15:59:07.778Z", "level":"info", "message": "method:POST, endpoint:/api/v1/auth/change-password, statusCode:401, responseTime: 614ms"}
{"time":"2025-01-04T16:00:21.646Z", "level":"info", "message": "method:POST, endpoint:/login, statusCode:200, responseTime: 422ms"}
{"time":"2025-01-04T16:01:35.009Z", "level":"info", "message": "method:POST, endpoint:/api/v1/auth/change-password, statusCode:401, responseTime: 295ms"}
{"time":"2025-01-04T16:01:37.651Z", "level":"info", "message": "method:POST, endpoint:/api/v1/auth/change-password, statusCode:401, responseTime: 250ms"}
{"time":"2025-01-04T16:04:41.911Z", "level":"info", "message": "method:POST, endpoint:/api/v1/auth/change-password, statusCode:401, responseTime: 733ms"}
{"time":"2025-01-04T16:04:44.276Z", "level":"info", "message": "method:POST, endpoint:/api/v1/auth/change-password, statusCode:401, responseTime: 280ms"}
{"time":"2025-01-04T16:19:05.062Z", "level":"info", "message": "method:POST, endpoint:/change-password, statusCode:200, responseTime: 890ms"}
{"time":"2025-01-04T16:19:12.932Z", "level":"info", "message": "method:POST, endpoint:/change-password, statusCode:200, responseTime: 402ms"}
{"time":"2025-01-04T16:19:19.986Z", "level":"info", "message": "method:POST, endpoint:/login, statusCode:200, responseTime: 272ms"}
{"time":"2025-01-04T16:19:29.021Z", "level":"info", "message": "method:POST, endpoint:/login, statusCode:200, responseTime: 263ms"}
{"time":"2025-01-04T16:20:16.165Z", "level":"info", "message": "method:POST, endpoint:/change-password, statusCode:200, responseTime: 1217ms"}
{"time":"2025-01-04T16:21:43.137Z", "level":"info", "message": "method:POST, endpoint:/change-password, statusCode:200, responseTime: 837ms"}
{"time":"2025-01-04T16:23:43.261Z", "level":"info", "message": "method:POST, endpoint:/change-password, statusCode:200, responseTime: 557ms"}
{"time":"2025-01-04T16:25:16.305Z", "level":"info", "message": "method:POST, endpoint:/change-password, statusCode:200, responseTime: 724ms"}
{"time":"2025-01-04T16:39:24.354Z", "level":"info", "message": "method:POST, endpoint:/change-password, statusCode:200, responseTime: 819ms"}
{"time":"2025-01-04T16:39:58.018Z", "level":"info", "message": "method:POST, endpoint:/login, statusCode:200, responseTime: 653ms"}
{"time":"2025-01-04T16:40:53.234Z", "level":"info", "message": "method:POST, endpoint:/change-password, statusCode:200, responseTime: 526ms"}
{"time":"2025-01-04T16:42:41.137Z", "level":"info", "message": "method:POST, endpoint:/change-password, statusCode:200, responseTime: 597ms"}
{"time":"2025-01-04T16:44:08.704Z", "level":"info", "message": "method:POST, endpoint:/change-password, statusCode:200, responseTime: 816ms"}
{"time":"2025-01-04T16:49:39.886Z", "level":"info", "message": "method:POST, endpoint:/change-password, statusCode:200, responseTime: 1012ms"}
{"time":"2025-01-04T16:50:29.621Z", "level":"info", "message": "method:POST, endpoint:/api/v1/auth/login, statusCode:401, responseTime: 460ms"}
{"time":"2025-01-04T16:50:38.292Z", "level":"info", "message": "method:POST, endpoint:/login, statusCode:200, responseTime: 260ms"}
{"time":"2025-01-04T16:51:01.947Z", "level":"info", "message": "method:POST, endpoint:/change-password, statusCode:200, responseTime: 521ms"}
{"time":"2025-01-04T16:51:10.189Z", "level":"info", "message": "method:POST, endpoint:/change-password, statusCode:200, responseTime: 437ms"}
{"time":"2025-01-04T16:51:44.800Z", "level":"info", "message": "method:POST, endpoint:/login, statusCode:200, responseTime: 442ms"}
{"time":"2025-01-04T16:51:57.119Z", "level":"info", "message": "method:POST, endpoint:/login, statusCode:200, responseTime: 301ms"}
{"time":"2025-01-04T16:52:22.561Z", "level":"info", "message": "method:POST, endpoint:/change-password, statusCode:200, responseTime: 441ms"}
{"time":"2025-01-04T16:53:36.321Z", "level":"info", "message": "method:POST, endpoint:/change-password, statusCode:200, responseTime: 750ms"}
{"time":"2025-01-04T16:54:15.203Z", "level":"info", "message": "method:POST, endpoint:/api/v1/auth/login, statusCode:401, responseTime: 313ms"}
{"time":"2025-01-04T16:54:35.573Z", "level":"info", "message": "method:POST, endpoint:/change-password, statusCode:200, responseTime: 616ms"}
{"time":"2025-01-04T16:55:09.287Z", "level":"info", "message": "method:POST, endpoint:/api/v1/auth/change-password, statusCode:401, responseTime: 818ms"}
{"time":"2025-01-04T16:55:36.712Z", "level":"info", "message": "method:POST, endpoint:/api/v1/auth/login, statusCode:401, responseTime: 320ms"}
{"time":"2025-01-04T16:55:56.714Z", "level":"info", "message": "method:POST, endpoint:/change-password, statusCode:200, responseTime: 589ms"}
{"time":"2025-01-04T16:56:28.394Z", "level":"info", "message": "method:POST, endpoint:/login, statusCode:200, responseTime: 243ms"}
